0 info it worked if it ends with ok
1 verbose cli [ '/usr/bin/node', '/usr/bin/npm', 'run', 'dev' ]
2 info using npm@3.10.10
3 info using node@v6.14.1
4 verbose config Skipping project config: /home/rafik/.npmrc. (matches userconfig)
5 verbose stack Error: missing script: dev
5 verbose stack     at run (/usr/lib/node_modules/npm/lib/run-script.js:151:19)
5 verbose stack     at /usr/lib/node_modules/npm/lib/run-script.js:61:5
5 verbose stack     at /usr/lib/node_modules/npm/node_modules/read-package-json/read-json.js:356:5
5 verbose stack     at checkBinReferences_ (/usr/lib/node_modules/npm/node_modules/read-package-json/read-json.js:320:45)
5 verbose stack     at final (/usr/lib/node_modules/npm/node_modules/read-package-json/read-json.js:354:3)
5 verbose stack     at then (/usr/lib/node_modules/npm/node_modules/read-package-json/read-json.js:124:5)
5 verbose stack     at ReadFileContext.<anonymous> (/usr/lib/node_modules/npm/node_modules/read-package-json/read-json.js:295:20)
5 verbose stack     at ReadFileContext.callback (/usr/lib/node_modules/npm/node_modules/graceful-fs/graceful-fs.js:78:16)
5 verbose stack     at FSReqWrap.readFileAfterOpen [as oncomplete] (fs.js:367:13)
6 verbose cwd /home/rafik/Pulpit/Data Science/Blockchain /Siraj Course/Week4/Midterm-project-decentralized-game
7 error Linux 4.4.0-119-generic
8 error argv "/usr/bin/node" "/usr/bin/npm" "run" "dev"
9 error node v6.14.1
10 error npm  v3.10.10
11 error missing script: dev
12 error If you need help, you may report this error at:
12 error     <https://github.com/npm/npm/issues>
13 verbose exit [ 1, true ]
